#
# There is insufficient memory for the Java Runtime Environment to continue.
# Native memory allocation (mmap) failed to map 715849728 bytes for committing reserved memory.
# Possible reasons:
#   The system is out of physical RAM or swap space
#   In 32 bit mode, the process size limit was hit
# Possible solutions:
#   Reduce memory load on the system
#   Increase physical memory or swap space
#   Check if swap backing store is full
#   Use 64 bit Java on a 64 bit OS
#   Decrease Java heap size (-Xmx/-Xms)
#   Decrease number of Java threads
#   Decrease Java thread stack sizes (-Xss)
#   Set larger code cache with -XX:ReservedCodeCacheSize=
# This output file may be truncated or incomplete.
#
#  Out of Memory Error (os_linux.cpp:2627), pid=12187, tid=140608127624960
#
# JRE version:  (8.0_60-b27) (build )
# Java VM: Java HotSpot(TM) 64-Bit Server VM (25.60-b23 mixed mode linux-amd64 compressed oops)
# Failed to write core dump. Core dumps have been disabled. To enable core dumping, try "ulimit -c unlimited" before starting Java again
#

---------------  T H R E A D  ---------------

Current thread (0x00007fe1d8009800):  JavaThread "Unknown thread" [_thread_in_vm, id=12188, stack(0x00007fe1e16fe000,0x00007fe1e17ff000)]

Stack: [0x00007fe1e16fe000,0x00007fe1e17ff000],  sp=0x00007fe1e17fd340,  free space=1020k
Native frames: (J=compiled Java code, j=interpreted, Vv=VM code, C=native code)
V  [libjvm.so+0xab97ea]  VMError::report_and_die()+0x2ba
V  [libjvm.so+0x4f9dab]  report_vm_out_of_memory(char const*, int, unsigned long, VMErrorType, char const*)+0x8b
V  [libjvm.so+0x91a7c3]  os::Linux::commit_memory_impl(char*, unsigned long, bool)+0x103
V  [libjvm.so+0x91ad19]  os::pd_commit_memory(char*, unsigned long, unsigned long, bool)+0x29
V  [libjvm.so+0x91502a]  os::commit_memory(char*, unsigned long, unsigned long, bool)+0x2a
V  [libjvm.so+0xab5549]  VirtualSpace::expand_by(unsigned long, bool)+0x199
V  [libjvm.so+0xab609e]  VirtualSpace::initialize(ReservedSpace, unsigned long)+0xee
V  [libjvm.so+0x5f6891]  CardGeneration::CardGeneration(ReservedSpace, unsigned long, int, GenRemSet*)+0xf1
V  [libjvm.so+0xa5d17f]  TenuredGeneration::TenuredGeneration(ReservedSpace, unsigned long, int, GenRemSet*)+0x5f
V  [libjvm.so+0x5f7b99]  GenerationSpec::init(ReservedSpace, int, GenRemSet*)+0x339
V  [libjvm.so+0x5e663e]  GenCollectedHeap::initialize()+0x1de
V  [libjvm.so+0xa8218b]  Universe::initialize_heap()+0xfb
V  [libjvm.so+0xa824fe]  universe_init()+0x3e
V  [libjvm.so+0x6388a5]  init_globals()+0x65
V  [libjvm.so+0xa666fe]  Threads::create_vm(JavaVMInitArgs*, bool*)+0x23e
V  [libjvm.so+0x6ccd34]  JNI_CreateJavaVM+0x74
C  [libjli.so+0x745e]  JavaMain+0x9e
C  [libpthread.so.0+0x76fa]  start_thread+0xca


---------------  P R O C E S S  ---------------

Java Threads: ( => current thread )

Other Threads:

=>0x00007fe1d8009800 (exited) JavaThread "Unknown thread" [_thread_in_vm, id=12188, stack(0x00007fe1e16fe000,0x00007fe1e17ff000)]

VM state:not at safepoint (not fully initialized)

VM Mutex/Monitor currently owned by a thread: None

GC Heap History (0 events):
No events

Deoptimization events (0 events):
No events

Internal exceptions (0 events):
No events

Events (0 events):
No events


Dynamic libraries:
00400000-00401000 r-xp 00000000 08:01 284650                             /opt/jdk1.8.0_60/bin/java
00600000-00601000 rw-p 00000000 08:01 284650                             /opt/jdk1.8.0_60/bin/java
02522000-02543000 rw-p 00000000 00:00 0                                  [heap]
c0000000-d5550000 rw-p 00000000 00:00 0 
7fe1d0000000-7fe1d0270000 rwxp 00000000 00:00 0 
7fe1d0270000-7fe1d8000000 ---p 00000000 00:00 0 
7fe1d8000000-7fe1d8036000 rw-p 00000000 00:00 0 
7fe1d8036000-7fe1dc000000 ---p 00000000 00:00 0 
7fe1de1ef000-7fe1de51f000 rw-p 00000000 00:00 0 
7fe1de51f000-7fe1de674000 ---p 00000000 00:00 0 
7fe1de674000-7fe1de67f000 rw-p 00000000 00:00 0 
7fe1de67f000-7fe1de875000 ---p 00000000 00:00 0 
7fe1de875000-7fe1de88f000 r-xp 00000000 08:01 284517                     /opt/jdk1.8.0_60/jre/lib/amd64/libzip.so
7fe1de88f000-7fe1dea8f000 ---p 0001a000 08:01 284517                     /opt/jdk1.8.0_60/jre/lib/amd64/libzip.so
7fe1dea8f000-7fe1dea90000 rw-p 0001a000 08:01 284517                     /opt/jdk1.8.0_60/jre/lib/amd64/libzip.so
7fe1dea90000-7fe1dea9b000 r-xp 00000000 08:01 923062                     /lib/x86_64-linux-gnu/libnss_files-2.23.so
7fe1dea9b000-7fe1dec9a000 ---p 0000b000 08:01 923062                     /lib/x86_64-linux-gnu/libnss_files-2.23.so
7fe1dec9a000-7fe1dec9b000 r--p 0000a000 08:01 923062                     /lib/x86_64-linux-gnu/libnss_files-2.23.so
7fe1dec9b000-7fe1dec9c000 rw-p 0000b000 08:01 923062                     /lib/x86_64-linux-gnu/libnss_files-2.23.so
7fe1dec9c000-7fe1deca2000 rw-p 00000000 00:00 0 
7fe1deca2000-7fe1decad000 r-xp 00000000 08:01 923072                     /lib/x86_64-linux-gnu/libnss_nis-2.23.so
7fe1decad000-7fe1deeac000 ---p 0000b000 08:01 923072                     /lib/x86_64-linux-gnu/libnss_nis-2.23.so
7fe1deeac000-7fe1deead000 r--p 0000a000 08:01 923072                     /lib/x86_64-linux-gnu/libnss_nis-2.23.so
7fe1deead000-7fe1deeae000 rw-p 0000b000 08:01 923072                     /lib/x86_64-linux-gnu/libnss_nis-2.23.so
7fe1deeae000-7fe1deec4000 r-xp 00000000 08:01 923056                     /lib/x86_64-linux-gnu/libnsl-2.23.so
7fe1deec4000-7fe1df0c3000 ---p 00016000 08:01 923056                     /lib/x86_64-linux-gnu/libnsl-2.23.so
7fe1df0c3000-7fe1df0c4000 r--p 00015000 08:01 923056                     /lib/x86_64-linux-gnu/libnsl-2.23.so
7fe1df0c4000-7fe1df0c5000 rw-p 00016000 08:01 923056                     /lib/x86_64-linux-gnu/libnsl-2.23.so
7fe1df0c5000-7fe1df0c7000 rw-p 00000000 00:00 0 
7fe1df0c7000-7fe1df0cf000 r-xp 00000000 08:01 923058                     /lib/x86_64-linux-gnu/libnss_compat-2.23.so
7fe1df0cf000-7fe1df2ce000 ---p 00008000 08:01 923058                     /lib/x86_64-linux-gnu/libnss_compat-2.23.so
7fe1df2ce000-7fe1df2cf000 r--p 00007000 08:01 923058                     /lib/x86_64-linux-gnu/libnss_compat-2.23.so
7fe1df2cf000-7fe1df2d0000 rw-p 00008000 08:01 923058                     /lib/x86_64-linux-gnu/libnss_compat-2.23.so
7fe1df2d0000-7fe1df2fa000 r-xp 00000000 08:01 284496                     /opt/jdk1.8.0_60/jre/lib/amd64/libjava.so
7fe1df2fa000-7fe1df4fa000 ---p 0002a000 08:01 284496                     /opt/jdk1.8.0_60/jre/lib/amd64/libjava.so
7fe1df4fa000-7fe1df4fc000 rw-p 0002a000 08:01 284496                     /opt/jdk1.8.0_60/jre/lib/amd64/libjava.so
7fe1df4fc000-7fe1df509000 r-xp 00000000 08:01 284511                     /opt/jdk1.8.0_60/jre/lib/amd64/libverify.so
7fe1df509000-7fe1df709000 ---p 0000d000 08:01 284511                     /opt/jdk1.8.0_60/jre/lib/amd64/libverify.so
7fe1df709000-7fe1df70b000 rw-p 0000d000 08:01 284511                     /opt/jdk1.8.0_60/jre/lib/amd64/libverify.so
7fe1df70b000-7fe1df712000 r-xp 00000000 08:01 923117                     /lib/x86_64-linux-gnu/librt-2.23.so
7fe1df712000-7fe1df911000 ---p 00007000 08:01 923117                     /lib/x86_64-linux-gnu/librt-2.23.so
7fe1df911000-7fe1df912000 r--p 00006000 08:01 923117                     /lib/x86_64-linux-gnu/librt-2.23.so
7fe1df912000-7fe1df913000 rw-p 00007000 08:01 923117                     /lib/x86_64-linux-gnu/librt-2.23.so
7fe1df913000-7fe1dfa1b000 r-xp 00000000 08:01 923033                     /lib/x86_64-linux-gnu/libm-2.23.so
7fe1dfa1b000-7fe1dfc1a000 ---p 00108000 08:01 923033                     /lib/x86_64-linux-gnu/libm-2.23.so
7fe1dfc1a000-7fe1dfc1b000 r--p 00107000 08:01 923033                     /lib/x86_64-linux-gnu/libm-2.23.so
7fe1dfc1b000-7fe1dfc1c000 rw-p 00108000 08:01 923033                     /lib/x86_64-linux-gnu/libm-2.23.so
7fe1dfc1c000-7fe1e08da000 r-xp 00000000 08:01 284532                     /opt/jdk1.8.0_60/jre/lib/amd64/server/libjvm.so
7fe1e08da000-7fe1e0ad9000 ---p 00cbe000 08:01 284532                     /opt/jdk1.8.0_60/jre/lib/amd64/server/libjvm.so
7fe1e0ad9000-7fe1e0bb1000 rw-p 00cbd000 08:01 284532                     /opt/jdk1.8.0_60/jre/lib/amd64/server/libjvm.so
7fe1e0bb1000-7fe1e0bf6000 rw-p 00000000 00:00 0 
7fe1e0bf6000-7fe1e0db6000 r-xp 00000000 08:01 922963                     /lib/x86_64-linux-gnu/libc-2.23.so
7fe1e0db6000-7fe1e0fb5000 ---p 001c0000 08:01 922963                     /lib/x86_64-linux-gnu/libc-2.23.so
7fe1e0fb5000-7fe1e0fb9000 r--p 001bf000 08:01 922963                     /lib/x86_64-linux-gnu/libc-2.23.so
7fe1e0fb9000-7fe1e0fbb000 rw-p 001c3000 08:01 922963                     /lib/x86_64-linux-gnu/libc-2.23.so
7fe1e0fbb000-7fe1e0fbf000 rw-p 00000000 00:00 0 
7fe1e0fbf000-7fe1e0fc2000 r-xp 00000000 08:01 922987                     /lib/x86_64-linux-gnu/libdl-2.23.so
7fe1e0fc2000-7fe1e11c1000 ---p 00003000 08:01 922987                     /lib/x86_64-linux-gnu/libdl-2.23.so
7fe1e11c1000-7fe1e11c2000 r--p 00002000 08:01 922987                     /lib/x86_64-linux-gnu/libdl-2.23.so
7fe1e11c2000-7fe1e11c3000 rw-p 00003000 08:01 922987                     /lib/x86_64-linux-gnu/libdl-2.23.so
7fe1e11c3000-7fe1e11d8000 r-xp 00000000 08:01 283654                     /opt/jdk1.8.0_60/lib/amd64/jli/libjli.so
7fe1e11d8000-7fe1e13d8000 ---p 00015000 08:01 283654                     /opt/jdk1.8.0_60/lib/amd64/jli/libjli.so
7fe1e13d8000-7fe1e13d9000 rw-p 00015000 08:01 283654                     /opt/jdk1.8.0_60/lib/amd64/jli/libjli.so
7fe1e13d9000-7fe1e13f1000 r-xp 00000000 08:01 923109                     /lib/x86_64-linux-gnu/libpthread-2.23.so
7fe1e13f1000-7fe1e15f0000 ---p 00018000 08:01 923109                     /lib/x86_64-linux-gnu/libpthread-2.23.so
7fe1e15f0000-7fe1e15f1000 r--p 00017000 08:01 923109                     /lib/x86_64-linux-gnu/libpthread-2.23.so
7fe1e15f1000-7fe1e15f2000 rw-p 00018000 08:01 923109                     /lib/x86_64-linux-gnu/libpthread-2.23.so
7fe1e15f2000-7fe1e15f6000 rw-p 00000000 00:00 0 
7fe1e15f6000-7fe1e161c000 r-xp 00000000 08:01 922935                     /lib/x86_64-linux-gnu/ld-2.23.so
7fe1e16fe000-7fe1e1701000 ---p 00000000 00:00 0 
7fe1e1701000-7fe1e1803000 rw-p 00000000 00:00 0 
7fe1e180f000-7fe1e1817000 rw-s 00000000 08:01 2578                       /tmp/hsperfdata_template/12187
7fe1e1817000-7fe1e1818000 rw-p 00000000 00:00 0 
7fe1e1818000-7fe1e1819000 r--p 00000000 00:00 0 
7fe1e1819000-7fe1e181b000 rw-p 00000000 00:00 0 
7fe1e181b000-7fe1e181c000 r--p 00025000 08:01 922935                     /lib/x86_64-linux-gnu/ld-2.23.so
7fe1e181c000-7fe1e181d000 rw-p 00026000 08:01 922935                     /lib/x86_64-linux-gnu/ld-2.23.so
7fe1e181d000-7fe1e181e000 rw-p 00000000 00:00 0 
7fff2fc80000-7fff2fca1000 rw-p 00000000 00:00 0                          [stack]
7fff2fd68000-7fff2fd6a000 r--p 00000000 00:00 0                          [vvar]
7fff2fd6a000-7fff2fd6c000 r-xp 00000000 00:00 0                          [vdso]
ffffffffff600000-ffffffffff601000 r-xp 00000000 00:00 0                  [vsyscall]

VM Arguments:
jvm_args: -Xms1024m -Xmx1024m -XX:ReservedCodeCacheSize=128m -XX:MaxMetaspaceSize=256m 
java_command: /usr/share/sbt-launcher-packaging/bin/sbt-launch.jar run
java_class_path (initial): /usr/share/sbt-launcher-packaging/bin/sbt-launch.jar
Launcher Type: SUN_STANDARD

Environment Variables:
JAVA_HOME=/opt/jdk1.8.0_60
PATH=/opt/jdk1.8.0_60/bin:/usr/local/sbin:/usr/local/bin:/usr/sbin:/usr/bin:/sbin:/bin:/usr/games:/usr/local/games:/snap/bin
SHELL=/bin/bash
DISPLAY=:0

Signal Handlers:
SIGSEGV: [libjvm.so+0xaba070], sa_mask[0]=11111111011111111101111111111110, sa_flags=SA_RESTART|SA_SIGINFO
SIGBUS: [libjvm.so+0xaba070], sa_mask[0]=11111111011111111101111111111110, sa_flags=SA_RESTART|SA_SIGINFO
SIGFPE: [libjvm.so+0x917630], sa_mask[0]=11111111011111111101111111111110, sa_flags=SA_RESTART|SA_SIGINFO
SIGPIPE: [libjvm.so+0x917630], sa_mask[0]=11111111011111111101111111111110, sa_flags=SA_RESTART|SA_SIGINFO
SIGXFSZ: [libjvm.so+0x917630], sa_mask[0]=11111111011111111101111111111110, sa_flags=SA_RESTART|SA_SIGINFO
SIGILL: [libjvm.so+0x917630], sa_mask[0]=11111111011111111101111111111110, sa_flags=SA_RESTART|SA_SIGINFO
SIGUSR1: SIG_DFL, sa_mask[0]=00000000000000000000000000000000, sa_flags=none
SIGUSR2: [libjvm.so+0x918c60], sa_mask[0]=00000000000000000000000000000000, sa_flags=SA_RESTART|SA_SIGINFO
SIGHUP: SIG_DFL, sa_mask[0]=00000000000000000000000000000000, sa_flags=none
SIGINT: SIG_DFL, sa_mask[0]=00000000000000000000000000000000, sa_flags=none
SIGTERM: SIG_DFL, sa_mask[0]=00000000000000000000000000000000, sa_flags=none
SIGQUIT: SIG_DFL, sa_mask[0]=00000000000000000000000000000000, sa_flags=none


---------------  S Y S T E M  ---------------

OS:DISTRIB_ID=Ubuntu
DISTRIB_RELEASE=16.04
DISTRIB_CODENAME=xenial
DISTRIB_DESCRIPTION="Ubuntu 16.04 LTS"

uname:Linux 4.4.0-24-generic #43-Ubuntu SMP Wed Jun 8 19:27:37 UTC 2016 x86_64
libc:glibc 2.23 NPTL 2.23 
rlimit: STACK 8192k, CORE 0k, NPROC 3749, NOFILE 65536, AS infinity
load average:0.22 0.36 0.28

/proc/meminfo:
MemTotal:         998464 kB
MemFree:           78936 kB
MemAvailable:      65520 kB
Buffers:            3048 kB
Cached:            58676 kB
SwapCached:         5792 kB
Active:           286184 kB
Inactive:         276520 kB
Active(anon):     247600 kB
Inactive(anon):   253824 kB
Active(file):      38584 kB
Inactive(file):    22696 kB
Unevictable:          16 kB
Mlocked:              16 kB
SwapTotal:       1046524 kB
SwapFree:         294560 kB
Dirty:               228 kB
Writeback:             4 kB
AnonPages:        495336 kB
Mapped:            41828 kB
Shmem:               360 kB
Slab:              67068 kB
SReclaimable:      24508 kB
SUnreclaim:        42560 kB
KernelStack:       10224 kB
PageTables:        31884 kB
NFS_Unstable:          0 kB
Bounce:                0 kB
WritebackTmp:          0 kB
CommitLimit:     1545756 kB
Committed_AS:    6096252 kB
VmallocTotal:   34359738367 kB
VmallocUsed:           0 kB
VmallocChunk:          0 kB
HardwareCorrupted:     0 kB
AnonHugePages:    262144 kB
CmaTotal:              0 kB
CmaFree:               0 kB
HugePages_Total:       0
HugePages_Free:        0
HugePages_Rsvd:        0
HugePages_Surp:        0
Hugepagesize:       2048 kB
DirectMap4k:       73600 kB
DirectMap2M:      974848 kB
DirectMap1G:           0 kB


CPU:total 1 (1 cores per cpu, 1 threads per core) family 6 model 60 stepping 3, cmov, cx8, fxsr, mmx, sse, sse2, sse3, ssse3, sse4.1, sse4.2, popcnt, avx, avx2, aes, clmul, erms, lzcnt, tsc, tscinvbit, bmi1, bmi2

/proc/cpuinfo:
processor	: 0
vendor_id	: GenuineIntel
cpu family	: 6
model		: 60
model name	: Intel(R) Core(TM) i5-4590 CPU @ 3.30GHz
stepping	: 3
microcode	: 0x1e
cpu MHz		: 3301.000
cache size	: 6144 KB
physical id	: 0
siblings	: 1
core id		: 0
cpu cores	: 1
apicid		: 0
initial apicid	: 0
fpu		: yes
fpu_exception	: yes
cpuid level	: 13
wp		: yes
flags		: fpu vme de pse tsc msr pae mce cx8 apic sep mtrr pge mca cmov pat pse36 clflush dts mmx fxsr sse sse2 ss syscall nx pdpe1gb rdtscp lm constant_tsc arch_perfmon pebs bts nopl xtopology tsc_reliable nonstop_tsc aperfmperf eagerfpu pni pclmulqdq ssse3 fma cx16 pcid sse4_1 sse4_2 x2apic movbe popcnt tsc_deadline_timer aes xsave avx f16c rdrand hypervisor lahf_lm abm epb fsgsbase tsc_adjust bmi1 avx2 smep bmi2 invpcid xsaveopt dtherm ida arat pln pts
bugs		:
bogomips	: 6602.00
clflush size	: 64
cache_alignment	: 64
address sizes	: 42 bits physical, 48 bits virtual
power management:



Memory: 4k page, physical 998464k(78936k free), swap 1046524k(294560k free)

vm_info: Java HotSpot(TM) 64-Bit Server VM (25.60-b23) for linux-amd64 JRE (1.8.0_60-b27), built on Aug  4 2015 12:19:40 by "java_re" with gcc 4.3.0 20080428 (Red Hat 4.3.0-8)

time: Mon Jun 20 14:14:05 2016
elapsed time: 0 seconds (0d 0h 0m 0s)

